<?xml version="1.0" encoding="utf-8"?>
<shfbBuild product="Sandcastle Help File Builder and Tools" version="2020.3.6.0" projectFile="C:\Users\anita\Desktop\Development\NitroSniperGUI_Help.shfbproj" started="31.01.2021 15:20:21">
<buildStep step="Initializing">
Finding tools...
The Sandcastle tools are located in &#39;C:\Program Files (x86)\EWSoftware\Sandcastle Help File Builder\&#39;
Locating components in the following folder(s):
    C:\Users\anita\Desktop\Development
    C:\ProgramData\EWSoftware\Sandcastle Help File Builder\Components and Plug-Ins\
    C:\Program Files (x86)\EWSoftware\Sandcastle Help File Builder\
Using framework reflection data for &#39;.NET Framework 4.5.2&#39; located in &#39;C:\Program Files (x86)\EWSoftware\Sandcastle Help File Builder\Data\.NETFramework&#39;
Using presentation style &#39;VS2013&#39; located in &#39;C:\Program Files (x86)\EWSoftware\Sandcastle Help File Builder\PresentationStyles\VS2013&#39;
Loading and initializing plug-ins...
Lightweight Website Style Version 2020.3.6.0
Copyright &#169; 2006-2020, Eric Woodruff, All Rights Reserved
Portions Copyright &#169; 2014, Sam Harwell, All Rights Reserved
-------------------------------
Clearing any prior web/markdown output...
</buildStep>
<buildStep step="ValidatingDocumentationSources">
Validating and copying documentation source information
Source: E:\Development\Visual Studio Projects\Projects\NitroSniperGUI\NitroSniperGUI.sln
    Found project &#39;E:\Development\Visual Studio Projects\Projects\NitroSniperGUI\NitroSniperGUI\NitroSniperGUI.vbproj&#39;
Source: C:\Users\Program Files (x86)\Progress\Telerik UI for WinForms R1 2020\Bin40\Telerik.WinControls.XML
SHFB: Warning BE0006: Unable to locate any documentation sources for &#39;C:\Users\Program Files (x86)\Progress\Telerik UI for WinForms R1 2020\Bin40\Telerik.WinControls.XML&#39; (Configuration: Debug Platform: AnyCPU)
Source: C:\Users\Program Files (x86)\Progress\Telerik UI for WinForms R1 2020\Bin40\Telerik.WinControls.UI.XML
SHFB: Warning BE0006: Unable to locate any documentation sources for &#39;C:\Users\Program Files (x86)\Progress\Telerik UI for WinForms R1 2020\Bin40\Telerik.WinControls.UI.XML&#39; (Configuration: Debug Platform: AnyCPU)
Source: C:\Users\Program Files (x86)\Progress\Telerik UI for WinForms R1 2020\Bin40\Telerik.WinControls.RichTextEditor.XML
SHFB: Warning BE0006: Unable to locate any documentation sources for &#39;C:\Users\Program Files (x86)\Progress\Telerik UI for WinForms R1 2020\Bin40\Telerik.WinControls.RichTextEditor.XML&#39; (Configuration: Debug Platform: AnyCPU)
Source: C:\Users\Program Files (x86)\Progress\Telerik UI for WinForms R1 2020\Bin40\Telerik.WinControls.GridView.XML
SHFB: Warning BE0006: Unable to locate any documentation sources for &#39;C:\Users\Program Files (x86)\Progress\Telerik UI for WinForms R1 2020\Bin40\Telerik.WinControls.GridView.XML&#39; (Configuration: Debug Platform: AnyCPU)

Parsing project files
    Found assembly &#39;E:\Development\Visual Studio Projects\Projects\NitroSniperGUI\NitroSniperGUI\bin\Debug\NitroSniperGUI.exe&#39;

References to include:
    AutoUpdater.NET, Version=1.6.4.0, Culture=neutral, PublicKeyToken=501435c91b35f4bc, processorArchitecture=MSIL
    Newtonsoft.Json, Version=12.0.0.0, Culture=neutral, PublicKeyToken=30ad4fe6b2a6aeed, processorArchitecture=MSIL
    Telerik.WinControls, Version=2020.1.218.40, Culture=neutral, PublicKeyToken=5bb2a467cbec794e, processorArchitecture=MSIL
    Telerik.WinControls.GridView, Version=2020.1.218.40, Culture=neutral, PublicKeyToken=5bb2a467cbec794e, processorArchitecture=MSIL
    Telerik.WinControls.RichTextEditor, Version=2020.1.218.40, Culture=neutral, PublicKeyToken=5bb2a467cbec794e, processorArchitecture=MSIL
    Telerik.WinControls.Themes.Fluent, Version=2020.1.218.40, Culture=neutral, PublicKeyToken=5bb2a467cbec794e, processorArchitecture=MSIL
    Telerik.WinControls.UI, Version=2020.1.218.40, Culture=neutral, PublicKeyToken=5bb2a467cbec794e, processorArchitecture=MSIL
    TelerikCommon, Version=2020.1.218.40, Culture=neutral, PublicKeyToken=5bb2a467cbec794e, processorArchitecture=MSIL

Copying XML comments files
    E:\Development\Visual Studio Projects\Projects\NitroSniperGUI\NitroSniperGUI\bin\Debug\NitroSniperGUI.xml -&gt; C:\Users\anita\Desktop\Development\Help\Working\NitroSniperGUI.xml
</buildStep>
<buildStep step="GenerateSharedContent">
Generating shared content files (en-US, Englisch (USA))...
<plugIn name="Lightweight Website Style" behavior="After" priority="1000">
</plugIn>    Last step completed in 00:00:00,0150
</buildStep>
<buildStep step="GenerateApiFilter">
Generating API filter for MRefBuilder...
    Last step completed in 00:00:00,0030
</buildStep>
<buildStep step="GenerateReflectionInfo">
Generating reflection information...
[C:\Program Files (x86)\Microsoft Visual Studio\2017\Enterprise\MSBuild\15.0\Bin\MSBuild.exe - GenerateRefInfo.proj]
Der Buildvorgang wurde am 31.01.2021 15:20:22 gestartet.
Projekt &quot;C:\Users\anita\Desktop\Development\Help\Working\GenerateRefInfo.proj&quot; auf Knoten &quot;1&quot; (Standardziele).
PrepareForBuild:
  Das Verzeichnis &quot;obj\Debug\&quot; wird erstellt.
GenerateRefInfo:
  MRefBuilder (v2020.3.6.0)
  Copyright &#184; 2006-2020, Microsoft Corporation, All Rights Reserved.
  Portions Copyright &#184; 2006-2020, Eric Woodruff, All Rights Reserved.
  No source code context base path specified.  Source context information is unavailable.
  Loaded 1 assemblies for reflection and 9 dependency assemblies.
  Wrote information on 1 namespaces, 6 types, and 112 members
  Die Datei wird von &quot;reflection.org&quot; in &quot;reflection.all&quot; kopiert.
  XslTransform (v2020.3.6.0)
  Copyright &#184; 2006-2020, Microsoft Corporation, All Rights Reserved.
  Portions Copyright &#184; 2006-2020, Eric Woodruff, All Rights Reserved.
  Applying XSL transformation &#39;C:\Program Files (x86)\EWSoftware\Sandcastle Help File Builder\ProductionTransforms\MergeDuplicates.xsl&#39;.
Die Erstellung von Projekt &quot;C:\Users\anita\Desktop\Development\Help\Working\GenerateRefInfo.proj&quot; ist abgeschlossen (Standardziele).

Der Buildvorgang wurde erfolgreich ausgefhrt.

Verstrichene Zeit 00:00:01.37
    Last step completed in 00:00:01,7643
</buildStep>
<buildStep step="TransformReflectionInfo">
Transforming reflection output...
[C:\Program Files (x86)\Microsoft Visual Studio\2017\Enterprise\MSBuild\15.0\Bin\MSBuild.exe - TransformManifest.proj]
Der Buildvorgang wurde am 31.01.2021 15:20:24 gestartet.
Projekt &quot;C:\Users\anita\Desktop\Development\Help\Working\TransformManifest.proj&quot; auf Knoten &quot;1&quot; (Standardziele).
TransformManifest:
  XslTransform (v2020.3.6.0)
  Copyright &#184; 2006-2020, Microsoft Corporation, All Rights Reserved.
  Portions Copyright &#184; 2006-2020, Eric Woodruff, All Rights Reserved.
  Applying XSL transformation &#39;C:\Program Files (x86)\EWSoftware\Sandcastle Help File Builder\\ProductionTransforms\ApplyVSDocModel.xsl&#39;.
  Die Datei wird von &quot;reflection.xml&quot; in &quot;reflection.nofilenames&quot; kopiert.
  XslTransform (v2020.3.6.0)
  Copyright &#184; 2006-2020, Microsoft Corporation, All Rights Reserved.
  Portions Copyright &#184; 2006-2020, Eric Woodruff, All Rights Reserved.
  Applying XSL transformation &#39;C:\Program Files (x86)\EWSoftware\Sandcastle Help File Builder\ProductionTransforms\AddFilenames.xsl&#39;.
  XslTransform (v2020.3.6.0)
  Copyright &#184; 2006-2020, Microsoft Corporation, All Rights Reserved.
  Portions Copyright &#184; 2006-2020, Eric Woodruff, All Rights Reserved.
  Applying XSL transformation &#39;C:\Program Files (x86)\EWSoftware\Sandcastle Help File Builder\ProductionTransforms\ReflectionToManifest.xsl&#39;.
Die Erstellung von Projekt &quot;C:\Users\anita\Desktop\Development\Help\Working\TransformManifest.proj&quot; ist abgeschlossen (Standardziele).

Der Buildvorgang wurde erfolgreich ausgefhrt.

Verstrichene Zeit 00:00:00.90
    Last step completed in 00:00:01,3502
</buildStep>
<buildStep step="GenerateNamespaceSummaries">
Generating namespace summary information...
    Last step completed in 00:00:00,1825
</buildStep>
<buildStep step="GenerateInheritedDocumentation">
Generating inherited documentation...
[C:\Program Files (x86)\Microsoft Visual Studio\2017\Enterprise\MSBuild\15.0\Bin\MSBuild.exe - GenerateInheritedDocs.proj]
Sandcastle Help File Builder and Tools, version 2020.3.6.0
Copyright &#184; 2006-2020, Eric Woodruff, All Rights Reserved
E-Mail: Eric@EWoodruff.us

Reflection information will be retrieved from &#39;reflection.xml&#39;
Inherited documentation will be written to &#39;_InheritedDocs_.xml&#39;
Indexing C:\Users\anita\Desktop\Development\Help\Working\Telerik.WinControls.UI.xml
Indexing C:\Users\anita\Desktop\Development\Help\Working\Telerik.WinControls.GridView.xml
Indexing C:\Users\anita\Desktop\Development\Help\Working\Telerik.WinControls.xml
Indexing C:\Users\anita\Desktop\Development\Help\Working\Newtonsoft.Json.xml
Indexing C:\Users\anita\Desktop\Development\Help\Working\AutoUpdater.NET.xml
Indexing C:\Users\anita\Desktop\Development\Help\Working\NitroSniperGUI.xml
Indexed 25138 members in 6 file(s).  6 file(s) to scan for &lt;inheritdoc /&gt; tags.
Merging inherited documentation...


Documentation merged successfully
    Last step completed in 00:00:00,7572
</buildStep>
<buildStep step="CopyAdditionalContent">
Copying additional content files...
C:\Users\anita\Desktop\Development\test.html -&gt; C:\Users\anita\Desktop\Development\Help\Working\Output\Website\test.html
    Last step completed in 00:00:00,0030
</buildStep>
<buildStep step="MergeTablesOfContents">
Merging conceptual and additional tables of contents...
    Last step completed in 00:00:00,0003
</buildStep>
<buildStep step="GenerateIntermediateTableOfContents">
Generating intermediate table of contents file...
[C:\Program Files (x86)\Microsoft Visual Studio\2017\Enterprise\MSBuild\15.0\Bin\MSBuild.exe - GenerateIntermediateTOC.proj]
Der Buildvorgang wurde am 31.01.2021 15:20:26 gestartet.
Projekt &quot;C:\Users\anita\Desktop\Development\Help\Working\GenerateIntermediateTOC.proj&quot; auf Knoten &quot;1&quot; (Standardziele).
GenerateIntermediateTOC:
  XslTransform (v2020.3.6.0)
  Copyright &#184; 2006-2020, Microsoft Corporation, All Rights Reserved.
  Portions Copyright &#184; 2006-2020, Eric Woodruff, All Rights Reserved.
  Applying XSL transformation &#39;C:\Program Files (x86)\EWSoftware\Sandcastle Help File Builder\\ProductionTransforms\CreateVSToc.xsl&#39;.
Die Erstellung von Projekt &quot;C:\Users\anita\Desktop\Development\Help\Working\GenerateIntermediateTOC.proj&quot; ist abgeschlossen (Standardziele).

Der Buildvorgang wurde erfolgreich ausgefhrt.

Verstrichene Zeit 00:00:00.59
Generating conceptual content intermediate TOC file...
    Last step completed in 00:00:00,8884
</buildStep>
<buildStep step="CreateBuildAssemblerConfigs">
Creating Sandcastle configuration files...
    sandcastle.config
    Last step completed in 00:00:00,1427
</buildStep>
<buildStep step="MergeCustomConfigs">
Merging custom build component configurations
C:\Users\anita\Desktop\Development\Help\Working\sandcastle.config
  Updating reference topic configurations.
  No conceptual content.  Removing conceptual content components.
    Last step completed in 00:00:00,0055
</buildStep>
<buildStep step="BuildTopics">
Building help topics...
[C:\Program Files (x86)\Microsoft Visual Studio\2017\Enterprise\MSBuild\15.0\Bin\MSBuild.exe - BuildTopics.proj]
Der Buildvorgang wurde am 31.01.2021 15:20:27 gestartet.
Projekt &quot;C:\Users\anita\Desktop\Development\Help\Working\BuildTopics.proj&quot; auf Knoten &quot;1&quot; (Standardziele).
BuildTopics:
  BuildAssembler (v2020.3.6.0)
  Copyright &#184; 2006-2020, Microsoft Corporation, All Rights Reserved.
  Portions Copyright &#184; 2006-2020, Eric Woodruff, All Rights Reserved.
  Loading configuration...
  Processing topics...
BuildAssembler : warning : ShowMissingComponent: [N:NitroSniperGUI] Missing &lt;summary&gt; documentation [C:\Users\anita\Desktop\Development\Help\Working\BuildTopics.proj]
BuildAssembler : warning : ResolveReferenceLinksComponent: [T:NitroSniperGUI.DefaultProgramsSettings] Unknown reference link target &#39;T:Telerik.WinControls.UI.RadFormControlBase&#39;. [C:\Users\anita\Desktop\Development\Help\Working\BuildTopics.proj]
BuildAssembler : warning : ResolveReferenceLinksComponent: [T:NitroSniperGUI.DefaultProgramsSettings] Unknown reference link target &#39;T:Telerik.WinControls.UI.RadForm&#39;. [C:\Users\anita\Desktop\Development\Help\Working\BuildTopics.proj]
BuildAssembler : warning : ResolveReferenceLinksComponent: [T:NitroSniperGUI.DefaultProgramsSettings] Unknown reference link target &#39;M:Telerik.WinControls.UI.RadForm.Dispose(System.Boolean)&#39;. [C:\Users\anita\Desktop\Development\Help\Working\BuildTopics.proj]
BuildAssembler : warning : ResolveReferenceLinksComponent: [Methods.T:NitroSniperGUI.DefaultProgramsSettings] Unknown reference link target &#39;M:Telerik.WinControls.UI.RadForm.Dispose(System.Boolean)&#39;. [C:\Users\anita\Desktop\Development\Help\Working\BuildTopics.proj]
BuildAssembler : warning : ShowMissingComponent: [M:NitroSniperGUI.DefaultProgramsSettings.CloseSettingsBtn_Click(System.Object,System.EventArgs)] Missing &lt;param name=&quot;sender&quot;/&gt; documentation [C:\Users\anita\Desktop\Development\Help\Working\BuildTopics.proj]
BuildAssembler : warning : ShowMissingComponent: [M:NitroSniperGUI.DefaultProgramsSettings.CloseSettingsBtn_Click(System.Object,System.EventArgs)] Missing &lt;param name=&quot;e&quot;/&gt; documentation [C:\Users\anita\Desktop\Development\Help\Working\BuildTopics.proj]
BuildAssembler : warning : ShowMissingComponent: [F:NitroSniperGUI.DefaultProgramsSettings.components] Missing &lt;summary&gt; documentation [C:\Users\anita\Desktop\Development\Help\Working\BuildTopics.proj]
BuildAssembler : warning : ShowMissingComponent: [M:NitroSniperGUI.DefaultProgramsSettings.DefaultProgramsSettings_Load(System.Object,System.EventArgs)] Missing &lt;param name=&quot;sender&quot;/&gt; documentation [C:\Users\anita\Desktop\Development\Help\Working\BuildTopics.proj]
BuildAssembler : warning : ShowMissingComponent: [M:NitroSniperGUI.DefaultProgramsSettings.DefaultProgramsSettings_Load(System.Object,System.EventArgs)] Missing &lt;param name=&quot;e&quot;/&gt; documentation [C:\Users\anita\Desktop\Development\Help\Working\BuildTopics.proj]
BuildAssembler : warning : ShowMissingComponent: [M:NitroSniperGUI.DefaultProgramsSettings.Gui_editmanually_go_Click(System.Object,System.EventArgs)] Missing &lt;param name=&quot;sender&quot;/&gt; documentation [C:\Users\anita\Desktop\Development\Help\Working\BuildTopics.proj]
BuildAssembler : warning : ShowMissingComponent: [M:NitroSniperGUI.DefaultProgramsSettings.Gui_editmanually_go_Click(System.Object,System.EventArgs)] Missing &lt;param name=&quot;e&quot;/&gt; documentation [C:\Users\anita\Desktop\Development\Help\Working\BuildTopics.proj]
BuildAssembler : warning : ShowMissingComponent: [M:NitroSniperGUI.DefaultProgramsSettings.Gui_editmanually_rust_Click(System.Object,System.EventArgs)] Missing &lt;param name=&quot;sender&quot;/&gt; documentation [C:\Users\anita\Desktop\Development\Help\Working\BuildTopics.proj]
BuildAssembler : warning : ShowMissingComponent: [M:NitroSniperGUI.DefaultProgramsSettings.Gui_editmanually_rust_Click(System.Object,System.EventArgs)] Missing &lt;param name=&quot;e&quot;/&gt; documentation [C:\Users\anita\Desktop\Development\Help\Working\BuildTopics.proj]
BuildAssembler : warning : ShowMissingComponent: [F:NitroSniperGUI.DefaultProgramsSettings.HT_CAPTION] Missing &lt;summary&gt; documentation [C:\Users\anita\Desktop\Development\Help\Working\BuildTopics.proj]
BuildAssembler : warning : ShowMissingComponent: [M:NitroSniperGUI.DefaultProgramsSettings.InitializeComponent] Missing &lt;summary&gt; documentation [C:\Users\anita\Desktop\Development\Help\Working\BuildTopics.proj]
BuildAssembler : warning : ShowMissingComponent: [M:NitroSniperGUI.DefaultProgramsSettings.NumberOnly_KeyPress(System.Object,System.Windows.Forms.KeyPressEventArgs)] Missing &lt;param name=&quot;sender&quot;/&gt; documentation [C:\Users\anita\Desktop\Development\Help\Working\BuildTopics.proj]
BuildAssembler : warning : ShowMissingComponent: [M:NitroSniperGUI.DefaultProgramsSettings.NumberOnly_KeyPress(System.Object,System.Windows.Forms.KeyPressEventArgs)] Missing &lt;param name=&quot;e&quot;/&gt; documentation [C:\Users\anita\Desktop\Development\Help\Working\BuildTopics.proj]
BuildAssembler : warning : ShowMissingComponent: [M:NitroSniperGUI.DefaultProgramsSettings.NumberOnly_TextChanged(System.Object,System.EventArgs)] Missing &lt;param name=&quot;sender&quot;/&gt; documentation [C:\Users\anita\Desktop\Development\Help\Working\BuildTopics.proj]
BuildAssembler : warning : ShowMissingComponent: [M:NitroSniperGUI.DefaultProgramsSettings.NumberOnly_TextChanged(System.Object,System.EventArgs)] Missing &lt;param name=&quot;e&quot;/&gt; documentation [C:\Users\anita\Desktop\Development\Help\Working\BuildTopics.proj]
BuildAssembler : warning : ShowMissingComponent: [M:NitroSniperGUI.DefaultProgramsSettings.SendMessage(System.IntPtr,System.Int32,System.Int32,System.Int32)] Missing &lt;returns&gt; documentation [C:\Users\anita\Desktop\Development\Help\Working\BuildTopics.proj]
BuildAssembler : warning : ShowMissingComponent: [M:NitroSniperGUI.DefaultProgramsSettings.SendMessage(System.IntPtr,System.Int32,System.Int32,System.Int32)] Missing &lt;param name=&quot;hWnd&quot;/&gt; documentation [C:\Users\anita\Desktop\Development\Help\Working\BuildTopics.proj]
BuildAssembler : warning : ShowMissingComponent: [M:NitroSniperGUI.DefaultProgramsSettings.SendMessage(System.IntPtr,System.Int32,System.Int32,System.Int32)] Missing &lt;param name=&quot;Msg&quot;/&gt; documentation [C:\Users\anita\Desktop\Development\Help\Working\BuildTopics.proj]
BuildAssembler : warning : ShowMissingComponent: [M:NitroSniperGUI.DefaultProgramsSettings.SendMessage(System.IntPtr,System.Int32,System.Int32,System.Int32)] Missing &lt;param name=&quot;wParam&quot;/&gt; documentation [C:\Users\anita\Desktop\Development\Help\Working\BuildTopics.proj]
BuildAssembler : warning : ShowMissingComponent: [M:NitroSniperGUI.DefaultProgramsSettings.SendMessage(System.IntPtr,System.Int32,System.Int32,System.Int32)] Missing &lt;param name=&quot;lParam&quot;/&gt; documentation [C:\Users\anita\Desktop\Development\Help\Working\BuildTopics.proj]
BuildAssembler : warning : ShowMissingComponent: [F:NitroSniperGUI.DefaultProgramsSettings.WM_NCLBUTTONDOWN] Missing &lt;summary&gt; documentation [C:\Users\anita\Desktop\Development\Help\Working\BuildTopics.proj]
BuildAssembler : warning : ResolveReferenceLinksComponent: [T:NitroSniperGUI.HelpForm] Unknown reference link target &#39;T:Telerik.WinControls.UI.RadFormControlBase&#39;. [C:\Users\anita\Desktop\Development\Help\Working\BuildTopics.proj]
BuildAssembler : warning : ResolveReferenceLinksComponent: [T:NitroSniperGUI.HelpForm] Unknown reference link target &#39;T:Telerik.WinControls.UI.RadForm&#39;. [C:\Users\anita\Desktop\Development\Help\Working\BuildTopics.proj]
BuildAssembler : warning : ResolveReferenceLinksComponent: [T:NitroSniperGUI.HelpForm] Unknown reference link target &#39;M:Telerik.WinControls.UI.RadForm.Dispose(System.Boolean)&#39;. [C:\Users\anita\Desktop\Development\Help\Working\BuildTopics.proj]
BuildAssembler : warning : ResolveReferenceLinksComponent: [Methods.T:NitroSniperGUI.HelpForm] Unknown reference link target &#39;M:Telerik.WinControls.UI.RadForm.Dispose(System.Boolean)&#39;. [C:\Users\anita\Desktop\Development\Help\Working\BuildTopics.proj]
BuildAssembler : warning : ShowMissingComponent: [F:NitroSniperGUI.HelpForm.components] Missing &lt;summary&gt; documentation [C:\Users\anita\Desktop\Development\Help\Working\BuildTopics.proj]
BuildAssembler : warning : ShowMissingComponent: [M:NitroSniperGUI.HelpForm.Form1_MouseDown(System.Object,System.Windows.Forms.MouseEventArgs)] Missing &lt;summary&gt; documentation [C:\Users\anita\Desktop\Development\Help\Working\BuildTopics.proj]
BuildAssembler : warning : ShowMissingComponent: [M:NitroSniperGUI.HelpForm.Form1_MouseDown(System.Object,System.Windows.Forms.MouseEventArgs)] Missing &lt;param name=&quot;sender&quot;/&gt; documentation [C:\Users\anita\Desktop\Development\Help\Working\BuildTopics.proj]
BuildAssembler : warning : ShowMissingComponent: [M:NitroSniperGUI.HelpForm.Form1_MouseDown(System.Object,System.Windows.Forms.MouseEventArgs)] Missing &lt;param name=&quot;e&quot;/&gt; documentation [C:\Users\anita\Desktop\Development\Help\Working\BuildTopics.proj]
BuildAssembler : warning : ShowMissingComponent: [M:NitroSniperGUI.HelpForm.ForwardBtn_Click(System.Object,System.EventArgs)] Missing &lt;summary&gt; documentation [C:\Users\anita\Desktop\Development\Help\Working\BuildTopics.proj]
BuildAssembler : warning : ShowMissingComponent: [M:NitroSniperGUI.HelpForm.ForwardBtn_Click(System.Object,System.EventArgs)] Missing &lt;param name=&quot;sender&quot;/&gt; documentation [C:\Users\anita\Desktop\Development\Help\Working\BuildTopics.proj]
BuildAssembler : warning : ShowMissingComponent: [M:NitroSniperGUI.HelpForm.ForwardBtn_Click(System.Object,System.EventArgs)] Missing &lt;param name=&quot;e&quot;/&gt; documentation [C:\Users\anita\Desktop\Development\Help\Working\BuildTopics.proj]
BuildAssembler : warning : ShowMissingComponent: [M:NitroSniperGUI.HelpForm.HelpForm_Load(System.Object,System.EventArgs)] Missing &lt;summary&gt; documentation [C:\Users\anita\Desktop\Development\Help\Working\BuildTopics.proj]
BuildAssembler : warning : ShowMissingComponent: [M:NitroSniperGUI.HelpForm.HelpForm_Load(System.Object,System.EventArgs)] Missing &lt;param name=&quot;sender&quot;/&gt; documentation [C:\Users\anita\Desktop\Development\Help\Working\BuildTopics.proj]
BuildAssembler : warning : ShowMissingComponent: [M:NitroSniperGUI.HelpForm.HelpForm_Load(System.Object,System.EventArgs)] Missing &lt;param name=&quot;e&quot;/&gt; documentation [C:\Users\anita\Desktop\Development\Help\Working\BuildTopics.proj]
BuildAssembler : warning : ShowMissingComponent: [F:NitroSniperGUI.HelpForm.HelpPageCounter] Missing &lt;summary&gt; documentation [C:\Users\anita\Desktop\Development\Help\Working\BuildTopics.proj]
BuildAssembler : warning : ShowMissingComponent: [F:NitroSniperGUI.HelpForm.HT_CAPTION] Missing &lt;summary&gt; documentation [C:\Users\anita\Desktop\Development\Help\Working\BuildTopics.proj]
BuildAssembler : warning : ShowMissingComponent: [M:NitroSniperGUI.HelpForm.InitializeComponent] Missing &lt;summary&gt; documentation [C:\Users\anita\Desktop\Development\Help\Working\BuildTopics.proj]
BuildAssembler : warning : ShowMissingComponent: [M:NitroSniperGUI.HelpForm.PictureBox1_BackgroundImageChanged(System.Object,System.EventArgs)] Missing &lt;summary&gt; documentation [C:\Users\anita\Desktop\Development\Help\Working\BuildTopics.proj]
BuildAssembler : warning : ShowMissingComponent: [M:NitroSniperGUI.HelpForm.PictureBox1_BackgroundImageChanged(System.Object,System.EventArgs)] Missing &lt;param name=&quot;sender&quot;/&gt; documentation [C:\Users\anita\Desktop\Development\Help\Working\BuildTopics.proj]
BuildAssembler : warning : ShowMissingComponent: [M:NitroSniperGUI.HelpForm.PictureBox1_BackgroundImageChanged(System.Object,System.EventArgs)] Missing &lt;param name=&quot;e&quot;/&gt; documentation [C:\Users\anita\Desktop\Development\Help\Working\BuildTopics.proj]
BuildAssembler : warning : ShowMissingComponent: [F:NitroSniperGUI.HelpForm.pos] Missing &lt;summary&gt; documentation [C:\Users\anita\Desktop\Development\Help\Working\BuildTopics.proj]
BuildAssembler : warning : ShowMissingComponent: [M:NitroSniperGUI.HelpForm.ReleaseCapture] Missing &lt;summary&gt; documentation [C:\Users\anita\Desktop\Development\Help\Working\BuildTopics.proj]
BuildAssembler : warning : ShowMissingComponent: [M:NitroSniperGUI.HelpForm.ReleaseCapture] Missing &lt;returns&gt; documentation [C:\Users\anita\Desktop\Development\Help\Working\BuildTopics.proj]
BuildAssembler : warning : ShowMissingComponent: [M:NitroSniperGUI.HelpForm.SendMessage(System.IntPtr,System.Int32,System.Int32,System.Int32)] Missing &lt;summary&gt; documentation [C:\Users\anita\Desktop\Development\Help\Working\BuildTopics.proj]
BuildAssembler : warning : ShowMissingComponent: [M:NitroSniperGUI.HelpForm.SendMessage(System.IntPtr,System.Int32,System.Int32,System.Int32)] Missing &lt;returns&gt; documentation [C:\Users\anita\Desktop\Development\Help\Working\BuildTopics.proj]
BuildAssembler : warning : ShowMissingComponent: [M:NitroSniperGUI.HelpForm.SendMessage(System.IntPtr,System.Int32,System.Int32,System.Int32)] Missing &lt;param name=&quot;hWnd&quot;/&gt; documentation [C:\Users\anita\Desktop\Development\Help\Working\BuildTopics.proj]
BuildAssembler : warning : ShowMissingComponent: [M:NitroSniperGUI.HelpForm.SendMessage(System.IntPtr,System.Int32,System.Int32,System.Int32)] Missing &lt;param name=&quot;Msg&quot;/&gt; documentation [C:\Users\anita\Desktop\Development\Help\Working\BuildTopics.proj]
BuildAssembler : warning : ShowMissingComponent: [M:NitroSniperGUI.HelpForm.SendMessage(System.IntPtr,System.Int32,System.Int32,System.Int32)] Missing &lt;param name=&quot;wParam&quot;/&gt; documentation [C:\Users\anita\Desktop\Development\Help\Working\BuildTopics.proj]
BuildAssembler : warning : ShowMissingComponent: [M:NitroSniperGUI.HelpForm.SendMessage(System.IntPtr,System.Int32,System.Int32,System.Int32)] Missing &lt;param name=&quot;lParam&quot;/&gt; documentation [C:\Users\anita\Desktop\Development\Help\Working\BuildTopics.proj]
BuildAssembler : warning : ShowMissingComponent: [F:NitroSniperGUI.HelpForm.WM_NCLBUTTONDOWN] Missing &lt;summary&gt; documentation [C:\Users\anita\Desktop\Development\Help\Working\BuildTopics.proj]
BuildAssembler : warning : ShowMissingComponent: [T:NitroSniperGUI.LicenseForm] Missing &lt;summary&gt; documentation [C:\Users\anita\Desktop\Development\Help\Working\BuildTopics.proj]
BuildAssembler : warning : ResolveReferenceLinksComponent: [T:NitroSniperGUI.LicenseForm] Unknown reference link target &#39;T:Telerik.WinControls.UI.RadFormControlBase&#39;. [C:\Users\anita\Desktop\Development\Help\Working\BuildTopics.proj]
BuildAssembler : warning : ResolveReferenceLinksComponent: [T:NitroSniperGUI.LicenseForm] Unknown reference link target &#39;T:Telerik.WinControls.UI.RadForm&#39;. [C:\Users\anita\Desktop\Development\Help\Working\BuildTopics.proj]
BuildAssembler : warning : ResolveReferenceLinksComponent: [T:NitroSniperGUI.LicenseForm] Unknown reference link target &#39;M:Telerik.WinControls.UI.RadForm.Dispose(System.Boolean)&#39;. [C:\Users\anita\Desktop\Development\Help\Working\BuildTopics.proj]
BuildAssembler : warning : ResolveReferenceLinksComponent: [Methods.T:NitroSniperGUI.LicenseForm] Unknown reference link target &#39;M:Telerik.WinControls.UI.RadForm.Dispose(System.Boolean)&#39;. [C:\Users\anita\Desktop\Development\Help\Working\BuildTopics.proj]
BuildAssembler : warning : ShowMissingComponent: [F:NitroSniperGUI.LicenseForm.components] Missing &lt;summary&gt; documentation [C:\Users\anita\Desktop\Development\Help\Working\BuildTopics.proj]
BuildAssembler : warning : ShowMissingComponent: [M:NitroSniperGUI.LicenseForm.InitializeComponent] Missing &lt;summary&gt; documentation [C:\Users\anita\Desktop\Development\Help\Working\BuildTopics.proj]
BuildAssembler : warning : ShowMissingComponent: [M:NitroSniperGUI.LicenseForm.LicenseForm_Load(System.Object,System.EventArgs)] Missing &lt;param name=&quot;sender&quot;/&gt; documentation [C:\Users\anita\Desktop\Development\Help\Working\BuildTopics.proj]
BuildAssembler : warning : ShowMissingComponent: [M:NitroSniperGUI.LicenseForm.LicenseForm_Load(System.Object,System.EventArgs)] Missing &lt;param name=&quot;e&quot;/&gt; documentation [C:\Users\anita\Desktop\Development\Help\Working\BuildTopics.proj]
BuildAssembler : warning : ShowMissingComponent: [M:NitroSniperGUI.LicenseForm.RadPageView1_Click(System.Object,System.EventArgs)] Missing &lt;param name=&quot;sender&quot;/&gt; documentation [C:\Users\anita\Desktop\Development\Help\Working\BuildTopics.proj]
BuildAssembler : warning : ShowMissingComponent: [M:NitroSniperGUI.LicenseForm.RadPageView1_Click(System.Object,System.EventArgs)] Missing &lt;param name=&quot;e&quot;/&gt; documentation [C:\Users\anita\Desktop\Development\Help\Working\BuildTopics.proj]
BuildAssembler : warning : ResolveReferenceLinksComponent: [T:NitroSniperGUI.MainMdiContainerForm] Unknown reference link target &#39;T:Telerik.WinControls.UI.RadFormControlBase&#39;. [C:\Users\anita\Desktop\Development\Help\Working\BuildTopics.proj]
BuildAssembler : warning : ResolveReferenceLinksComponent: [T:NitroSniperGUI.MainMdiContainerForm] Unknown reference link target &#39;T:Telerik.WinControls.UI.RadForm&#39;. [C:\Users\anita\Desktop\Development\Help\Working\BuildTopics.proj]
BuildAssembler : warning : ResolveReferenceLinksComponent: [T:NitroSniperGUI.MainMdiContainerForm] Unknown reference link target &#39;M:Telerik.WinControls.UI.RadForm.Dispose(System.Boolean)&#39;. [C:\Users\anita\Desktop\Development\Help\Working\BuildTopics.proj]
BuildAssembler : warning : ResolveReferenceLinksComponent: [T:NitroSniperGUI.MainMdiContainerForm] Unknown reference link target &#39;M:Telerik.WinControls.UI.RadForm.OnLoad(System.EventArgs)&#39;. [C:\Users\anita\Desktop\Development\Help\Working\BuildTopics.proj]
BuildAssembler : warning : ResolveReferenceLinksComponent: [Methods.T:NitroSniperGUI.MainMdiContainerForm] Unknown reference link target &#39;M:Telerik.WinControls.UI.RadForm.Dispose(System.Boolean)&#39;. [C:\Users\anita\Desktop\Development\Help\Working\BuildTopics.proj]
BuildAssembler : warning : ResolveReferenceLinksComponent: [Methods.T:NitroSniperGUI.MainMdiContainerForm] Unknown reference link target &#39;M:Telerik.WinControls.UI.RadForm.OnLoad(System.EventArgs)&#39;. [C:\Users\anita\Desktop\Development\Help\Working\BuildTopics.proj]
BuildAssembler : warning : ShowMissingComponent: [M:NitroSniperGUI.MainMdiContainerForm.CheckForUpdatesBtn_Click(System.Object,System.EventArgs)] Missing &lt;param name=&quot;sender&quot;/&gt; documentation [C:\Users\anita\Desktop\Development\Help\Working\BuildTopics.proj]
BuildAssembler : warning : ShowMissingComponent: [M:NitroSniperGUI.MainMdiContainerForm.CheckForUpdatesBtn_Click(System.Object,System.EventArgs)] Missing &lt;param name=&quot;e&quot;/&gt; documentation [C:\Users\anita\Desktop\Development\Help\Working\BuildTopics.proj]
BuildAssembler : warning : ShowMissingComponent: [F:NitroSniperGUI.MainMdiContainerForm.components] Missing &lt;summary&gt; documentation [C:\Users\anita\Desktop\Development\Help\Working\BuildTopics.proj]
BuildAssembler : warning : ShowMissingComponent: [M:NitroSniperGUI.MainMdiContainerForm.DefaultProgramSettingsToolStripMenuItem_Click(System.Object,System.EventArgs)] Missing &lt;param name=&quot;sender&quot;/&gt; documentation [C:\Users\anita\Desktop\Development\Help\Working\BuildTopics.proj]
BuildAssembler : warning : ShowMissingComponent: [M:NitroSniperGUI.MainMdiContainerForm.DefaultProgramSettingsToolStripMenuItem_Click(System.Object,System.EventArgs)] Missing &lt;param name=&quot;e&quot;/&gt; documentation [C:\Users\anita\Desktop\Development\Help\Working\BuildTopics.proj]
BuildAssembler : warning : ShowMissingComponent: [M:NitroSniperGUI.MainMdiContainerForm.ExitToolStripMenuItem_Click(System.Object,System.EventArgs)] Missing &lt;param name=&quot;sender&quot;/&gt; documentation [C:\Users\anita\Desktop\Development\Help\Working\BuildTopics.proj]
BuildAssembler : warning : ShowMissingComponent: [M:NitroSniperGUI.MainMdiContainerForm.ExitToolStripMenuItem_Click(System.Object,System.EventArgs)] Missing &lt;param name=&quot;e&quot;/&gt; documentation [C:\Users\anita\Desktop\Development\Help\Working\BuildTopics.proj]
BuildAssembler : warning : ShowMissingComponent: [M:NitroSniperGUI.MainMdiContainerForm.Finalize] Missing &lt;summary&gt; documentation [C:\Users\anita\Desktop\Development\Help\Working\BuildTopics.proj]
BuildAssembler : warning : ShowMissingComponent: [M:NitroSniperGUI.MainMdiContainerForm.Form1_FormClosing(System.Object,System.Windows.Forms.FormClosingEventArgs)] Missing &lt;param name=&quot;sender&quot;/&gt; documentation [C:\Users\anita\Desktop\Development\Help\Working\BuildTopics.proj]
BuildAssembler : warning : ShowMissingComponent: [M:NitroSniperGUI.MainMdiContainerForm.Form1_FormClosing(System.Object,System.Windows.Forms.FormClosingEventArgs)] Missing &lt;param name=&quot;e&quot;/&gt; documentation [C:\Users\anita\Desktop\Development\Help\Working\BuildTopics.proj]
BuildAssembler : warning : ShowMissingComponent: [M:NitroSniperGUI.MainMdiContainerForm.Form1_LoadAsync] Missing &lt;returns&gt; documentation [C:\Users\anita\Desktop\Development\Help\Working\BuildTopics.proj]
BuildAssembler : warning : ShowMissingComponent: [M:NitroSniperGUI.MainMdiContainerForm.Form1_Resize(System.Object,System.EventArgs)] Missing &lt;param name=&quot;sender&quot;/&gt; documentation [C:\Users\anita\Desktop\Development\Help\Working\BuildTopics.proj]
BuildAssembler : warning : ShowMissingComponent: [M:NitroSniperGUI.MainMdiContainerForm.Form1_Resize(System.Object,System.EventArgs)] Missing &lt;param name=&quot;e&quot;/&gt; documentation [C:\Users\anita\Desktop\Development\Help\Working\BuildTopics.proj]
BuildAssembler : warning : ShowMissingComponent: [M:NitroSniperGUI.MainMdiContainerForm.GetWindowRect(System.Runtime.InteropServices.HandleRef,NitroSniperGUI.MainMdiContainerForm.RECT@)] Missing &lt;returns&gt; documentation [C:\Users\anita\Desktop\Development\Help\Working\BuildTopics.proj]
BuildAssembler : warning : ShowMissingComponent: [M:NitroSniperGUI.MainMdiContainerForm.GetWindowRect(System.Runtime.InteropServices.HandleRef,NitroSniperGUI.MainMdiContainerForm.RECT@)] Missing &lt;param name=&quot;hWnd&quot;/&gt; documentation [C:\Users\anita\Desktop\Development\Help\Working\BuildTopics.proj]
BuildAssembler : warning : ShowMissingComponent: [M:NitroSniperGUI.MainMdiContainerForm.GetWindowRect(System.Runtime.InteropServices.HandleRef,NitroSniperGUI.MainMdiContainerForm.RECT@)] Missing &lt;param name=&quot;lpRect&quot;/&gt; documentation [C:\Users\anita\Desktop\Development\Help\Working\BuildTopics.proj]
BuildAssembler : warning : ShowMissingComponent: [M:NitroSniperGUI.MainMdiContainerForm.HelpToolStripDropDownButton_Click(System.Object,System.EventArgs)] Missing &lt;param name=&quot;sender&quot;/&gt; documentation [C:\Users\anita\Desktop\Development\Help\Working\BuildTopics.proj]
BuildAssembler : warning : ShowMissingComponent: [M:NitroSniperGUI.MainMdiContainerForm.HelpToolStripDropDownButton_Click(System.Object,System.EventArgs)] Missing &lt;param name=&quot;e&quot;/&gt; documentation [C:\Users\anita\Desktop\Development\Help\Working\BuildTopics.proj]
BuildAssembler : warning : ShowMissingComponent: [M:NitroSniperGUI.MainMdiContainerForm.InitializeComponent] Missing &lt;summary&gt; documentation [C:\Users\anita\Desktop\Development\Help\Working\BuildTopics.proj]
BuildAssembler : warning : ShowMissingComponent: [M:NitroSniperGUI.MainMdiContainerForm.KillChildrenProcessesOf(System.UInt32)] Missing &lt;param name=&quot;parentProcessId&quot;/&gt; documentation [C:\Users\anita\Desktop\Development\Help\Working\BuildTopics.proj]
BuildAssembler : warning : ShowMissingComponent: [M:NitroSniperGUI.MainMdiContainerForm.LicenseToolStripDropDownButton_Click(System.Object,System.EventArgs)] Missing &lt;param name=&quot;sender&quot;/&gt; documentation [C:\Users\anita\Desktop\Development\Help\Working\BuildTopics.proj]
BuildAssembler : warning : ShowMissingComponent: [M:NitroSniperGUI.MainMdiContainerForm.LicenseToolStripDropDownButton_Click(System.Object,System.EventArgs)] Missing &lt;param name=&quot;e&quot;/&gt; documentation [C:\Users\anita\Desktop\Development\Help\Working\BuildTopics.proj]
BuildAssembler : warning : ShowMissingComponent: [M:NitroSniperGUI.MainMdiContainerForm.MaximizeAllWindowsToolStripMenuItem_Click(System.Object,System.EventArgs)] Missing &lt;param name=&quot;sender&quot;/&gt; documentation [C:\Users\anita\Desktop\Development\Help\Working\BuildTopics.proj]
BuildAssembler : warning : ShowMissingComponent: [M:NitroSniperGUI.MainMdiContainerForm.MaximizeAllWindowsToolStripMenuItem_Click(System.Object,System.EventArgs)] Missing &lt;param name=&quot;e&quot;/&gt; documentation [C:\Users\anita\Desktop\Development\Help\Working\BuildTopics.proj]
BuildAssembler : warning : ShowMissingComponent: [M:NitroSniperGUI.MainMdiContainerForm.MinimizeAllWindowsToolStripMenuItem_Click(System.Object,System.EventArgs)] Missing &lt;param name=&quot;sender&quot;/&gt; documentation [C:\Users\anita\Desktop\Development\Help\Working\BuildTopics.proj]
BuildAssembler : warning : ShowMissingComponent: [M:NitroSniperGUI.MainMdiContainerForm.MinimizeAllWindowsToolStripMenuItem_Click(System.Object,System.EventArgs)] Missing &lt;param name=&quot;e&quot;/&gt; documentation [C:\Users\anita\Desktop\Development\Help\Working\BuildTopics.proj]
BuildAssembler : warning : ShowMissingComponent: [M:NitroSniperGUI.MainMdiContainerForm.OnLoad(System.EventArgs)] Missing &lt;param name=&quot;e&quot;/&gt; documentation [C:\Users\anita\Desktop\Development\Help\Working\BuildTopics.proj]
BuildAssembler : warning : ShowMissingComponent: [P:NitroSniperGUI.MainMdiContainerForm.Panel1] Missing &lt;summary&gt; documentation [C:\Users\anita\Desktop\Development\Help\Working\BuildTopics.proj]
BuildAssembler : warning : ResolveReferenceLinksComponent: [P:NitroSniperGUI.MainMdiContainerForm.Panel1] Unknown reference link target &#39;T:Telerik.WinControls.UI.RadPanel&#39;. [C:\Users\anita\Desktop\Development\Help\Working\BuildTopics.proj]
BuildAssembler : warning : ShowMissingComponent: [F:NitroSniperGUI.MainMdiContainerForm.rct] Missing &lt;summary&gt; documentation [C:\Users\anita\Desktop\Development\Help\Working\BuildTopics.proj]
BuildAssembler : warning : ShowMissingComponent: [F:NitroSniperGUI.MainMdiContainerForm.SC_MAXIMIZE] Missing &lt;summary&gt; documentation [C:\Users\anita\Desktop\Development\Help\Working\BuildTopics.proj]
BuildAssembler : warning : ShowMissingComponent: [F:NitroSniperGUI.MainMdiContainerForm.SC_MINIMIZE] Missing &lt;summary&gt; documentation [C:\Users\anita\Desktop\Development\Help\Working\BuildTopics.proj]
BuildAssembler : warning : ShowMissingComponent: [M:NitroSniperGUI.MainMdiContainerForm.SendMessage(System.IntPtr,System.Int32,System.Int32,System.Int32)] Missing &lt;returns&gt; documentation [C:\Users\anita\Desktop\Development\Help\Working\BuildTopics.proj]
BuildAssembler : warning : ShowMissingComponent: [M:NitroSniperGUI.MainMdiContainerForm.SendMessage(System.IntPtr,System.Int32,System.Int32,System.Int32)] Missing &lt;param name=&quot;hWnd&quot;/&gt; documentation [C:\Users\anita\Desktop\Development\Help\Working\BuildTopics.proj]
BuildAssembler : warning : ShowMissingComponent: [M:NitroSniperGUI.MainMdiContainerForm.SendMessage(System.IntPtr,System.Int32,System.Int32,System.Int32)] Missing &lt;param name=&quot;Msg&quot;/&gt; documentation [C:\Users\anita\Desktop\Development\Help\Working\BuildTopics.proj]
BuildAssembler : warning : ShowMissingComponent: [M:NitroSniperGUI.MainMdiContainerForm.SendMessage(System.IntPtr,System.Int32,System.Int32,System.Int32)] Missing &lt;param name=&quot;wParam&quot;/&gt; documentation [C:\Users\anita\Desktop\Development\Help\Working\BuildTopics.proj]
BuildAssembler : warning : ShowMissingComponent: [M:NitroSniperGUI.MainMdiContainerForm.SendMessage(System.IntPtr,System.Int32,System.Int32,System.Int32)] Missing &lt;param name=&quot;lParam&quot;/&gt; documentation [C:\Users\anita\Desktop\Development\Help\Working\BuildTopics.proj]
BuildAssembler : warning : ShowMissingComponent: [M:NitroSniperGUI.MainMdiContainerForm.SetParent(System.IntPtr,System.IntPtr)] Missing &lt;returns&gt; documentation [C:\Users\anita\Desktop\Development\Help\Working\BuildTopics.proj]
BuildAssembler : warning : ShowMissingComponent: [M:NitroSniperGUI.MainMdiContainerForm.SetParent(System.IntPtr,System.IntPtr)] Missing &lt;param name=&quot;hWndChild&quot;/&gt; documentation [C:\Users\anita\Desktop\Development\Help\Working\BuildTopics.proj]
BuildAssembler : warning : ShowMissingComponent: [M:NitroSniperGUI.MainMdiContainerForm.SetParent(System.IntPtr,System.IntPtr)] Missing &lt;param name=&quot;hWndNewParent&quot;/&gt; documentation [C:\Users\anita\Desktop\Development\Help\Working\BuildTopics.proj]
BuildAssembler : warning : ShowMissingComponent: [M:NitroSniperGUI.MainMdiContainerForm.StartGoBasedNitroSniperToolStripMenuItem_Click(System.Object,System.EventArgs)] Missing &lt;param name=&quot;sender&quot;/&gt; documentation [C:\Users\anita\Desktop\Development\Help\Working\BuildTopics.proj]
BuildAssembler : warning : ShowMissingComponent: [M:NitroSniperGUI.MainMdiContainerForm.StartGoBasedNitroSniperToolStripMenuItem_Click(System.Object,System.EventArgs)] Missing &lt;param name=&quot;e&quot;/&gt; documentation [C:\Users\anita\Desktop\Development\Help\Working\BuildTopics.proj]
BuildAssembler : warning : ShowMissingComponent: [M:NitroSniperGUI.MainMdiContainerForm.StartPythonBasedNitroSniperToolStripMenuItem_Click(System.Object,System.EventArgs)] Missing &lt;param name=&quot;sender&quot;/&gt; documentation [C:\Users\anita\Desktop\Development\Help\Working\BuildTopics.proj]
BuildAssembler : warning : ShowMissingComponent: [M:NitroSniperGUI.MainMdiContainerForm.StartPythonBasedNitroSniperToolStripMenuItem_Click(System.Object,System.EventArgs)] Missing &lt;param name=&quot;e&quot;/&gt; documentation [C:\Users\anita\Desktop\Development\Help\Working\BuildTopics.proj]
BuildAssembler : warning : ShowMissingComponent: [M:NitroSniperGUI.MainMdiContainerForm.StartRustNitroSniperToolStripMenuItem_Click(System.Object,System.EventArgs)] Missing &lt;param name=&quot;sender&quot;/&gt; documentation [C:\Users\anita\Desktop\Development\Help\Working\BuildTopics.proj]
BuildAssembler : warning : ShowMissingComponent: [M:NitroSniperGUI.MainMdiContainerForm.StartRustNitroSniperToolStripMenuItem_Click(System.Object,System.EventArgs)] Missing &lt;param name=&quot;e&quot;/&gt; documentation [C:\Users\anita\Desktop\Development\Help\Working\BuildTopics.proj]
BuildAssembler : warning : ShowMissingComponent: [M:NitroSniperGUI.MainMdiContainerForm.Status_DoubleClick(System.Object,System.EventArgs)] Missing &lt;param name=&quot;sender&quot;/&gt; documentation [C:\Users\anita\Desktop\Development\Help\Working\BuildTopics.proj]
BuildAssembler : warning : ShowMissingComponent: [M:NitroSniperGUI.MainMdiContainerForm.Status_DoubleClick(System.Object,System.EventArgs)] Missing &lt;param name=&quot;e&quot;/&gt; documentation [C:\Users\anita\Desktop\Development\Help\Working\BuildTopics.proj]
BuildAssembler : warning : ShowMissingComponent: [F:NitroSniperGUI.MainMdiContainerForm.RECT.AppsBottom] Missing &lt;summary&gt; documentation [C:\Users\anita\Desktop\Development\Help\Working\BuildTopics.proj]
BuildAssembler : warning : ShowMissingComponent: [F:NitroSniperGUI.MainMdiContainerForm.RECT.AppsLeft] Missing &lt;summary&gt; documentation [C:\Users\anita\Desktop\Development\Help\Working\BuildTopics.proj]
BuildAssembler : warning : ShowMissingComponent: [F:NitroSniperGUI.MainMdiContainerForm.RECT.AppsRight] Missing &lt;summary&gt; documentation [C:\Users\anita\Desktop\Development\Help\Working\BuildTopics.proj]
BuildAssembler : warning : ShowMissingComponent: [F:NitroSniperGUI.MainMdiContainerForm.RECT.AppsTop] Missing &lt;summary&gt; documentation [C:\Users\anita\Desktop\Development\Help\Working\BuildTopics.proj]
BuildAssembler : warning : ResolveReferenceLinksComponent: [T:NitroSniperGUI.Testform] Unknown reference link target &#39;T:Telerik.WinControls.UI.RadFormControlBase&#39;. [C:\Users\anita\Desktop\Development\Help\Working\BuildTopics.proj]
BuildAssembler : warning : ResolveReferenceLinksComponent: [T:NitroSniperGUI.Testform] Unknown reference link target &#39;T:Telerik.WinControls.UI.RadForm&#39;. [C:\Users\anita\Desktop\Development\Help\Working\BuildTopics.proj]
BuildAssembler : warning : ResolveReferenceLinksComponent: [T:NitroSniperGUI.Testform] Unknown reference link target &#39;M:Telerik.WinControls.UI.RadForm.Dispose(System.Boolean)&#39;. [C:\Users\anita\Desktop\Development\Help\Working\BuildTopics.proj]
BuildAssembler : warning : ResolveReferenceLinksComponent: [Methods.T:NitroSniperGUI.Testform] Unknown reference link target &#39;M:Telerik.WinControls.UI.RadForm.Dispose(System.Boolean)&#39;. [C:\Users\anita\Desktop\Development\Help\Working\BuildTopics.proj]
BuildAssembler : warning : ShowMissingComponent: [M:NitroSniperGUI.Testform.Button1_Click(System.Object,System.EventArgs)] Missing &lt;summary&gt; documentation [C:\Users\anita\Desktop\Development\Help\Working\BuildTopics.proj]
BuildAssembler : warning : ShowMissingComponent: [M:NitroSniperGUI.Testform.Button1_Click(System.Object,System.EventArgs)] Missing &lt;param name=&quot;sender&quot;/&gt; documentation [C:\Users\anita\Desktop\Development\Help\Working\BuildTopics.proj]
BuildAssembler : warning : ShowMissingComponent: [M:NitroSniperGUI.Testform.Button1_Click(System.Object,System.EventArgs)] Missing &lt;param name=&quot;e&quot;/&gt; documentation [C:\Users\anita\Desktop\Development\Help\Working\BuildTopics.proj]
BuildAssembler : warning : ShowMissingComponent: [M:NitroSniperGUI.Testform.Button10_Click(System.Object,System.EventArgs)] Missing &lt;summary&gt; documentation [C:\Users\anita\Desktop\Development\Help\Working\BuildTopics.proj]
BuildAssembler : warning : ShowMissingComponent: [M:NitroSniperGUI.Testform.Button10_Click(System.Object,System.EventArgs)] Missing &lt;param name=&quot;sender&quot;/&gt; documentation [C:\Users\anita\Desktop\Development\Help\Working\BuildTopics.proj]
BuildAssembler : warning : ShowMissingComponent: [M:NitroSniperGUI.Testform.Button10_Click(System.Object,System.EventArgs)] Missing &lt;param name=&quot;e&quot;/&gt; documentation [C:\Users\anita\Desktop\Development\Help\Working\BuildTopics.proj]
BuildAssembler : warning : ShowMissingComponent: [M:NitroSniperGUI.Testform.Button11_Click(System.Object,System.EventArgs)] Missing &lt;summary&gt; documentation [C:\Users\anita\Desktop\Development\Help\Working\BuildTopics.proj]
BuildAssembler : warning : ShowMissingComponent: [M:NitroSniperGUI.Testform.Button11_Click(System.Object,System.EventArgs)] Missing &lt;param name=&quot;sender&quot;/&gt; documentation [C:\Users\anita\Desktop\Development\Help\Working\BuildTopics.proj]
BuildAssembler : warning : ShowMissingComponent: [M:NitroSniperGUI.Testform.Button11_Click(System.Object,System.EventArgs)] Missing &lt;param name=&quot;e&quot;/&gt; documentation [C:\Users\anita\Desktop\Development\Help\Working\BuildTopics.proj]
BuildAssembler : warning : ShowMissingComponent: [M:NitroSniperGUI.Testform.Button12_Click(System.Object,System.EventArgs)] Missing &lt;summary&gt; documentation [C:\Users\anita\Desktop\Development\Help\Working\BuildTopics.proj]
BuildAssembler : warning : ShowMissingComponent: [M:NitroSniperGUI.Testform.Button12_Click(System.Object,System.EventArgs)] Missing &lt;param name=&quot;sender&quot;/&gt; documentation [C:\Users\anita\Desktop\Development\Help\Working\BuildTopics.proj]
BuildAssembler : warning : ShowMissingComponent: [M:NitroSniperGUI.Testform.Button12_Click(System.Object,System.EventArgs)] Missing &lt;param name=&quot;e&quot;/&gt; documentation [C:\Users\anita\Desktop\Development\Help\Working\BuildTopics.proj]
BuildAssembler : warning : ShowMissingComponent: [M:NitroSniperGUI.Testform.Button13_Click(System.Object,System.EventArgs)] Missing &lt;summary&gt; documentation [C:\Users\anita\Desktop\Development\Help\Working\BuildTopics.proj]
BuildAssembler : warning : ShowMissingComponent: [M:NitroSniperGUI.Testform.Button13_Click(System.Object,System.EventArgs)] Missing &lt;param name=&quot;sender&quot;/&gt; documentation [C:\Users\anita\Desktop\Development\Help\Working\BuildTopics.proj]
BuildAssembler : warning : ShowMissingComponent: [M:NitroSniperGUI.Testform.Button13_Click(System.Object,System.EventArgs)] Missing &lt;param name=&quot;e&quot;/&gt; documentation [C:\Users\anita\Desktop\Development\Help\Working\BuildTopics.proj]
BuildAssembler : warning : ShowMissingComponent: [M:NitroSniperGUI.Testform.Button14_Click(System.Object,System.EventArgs)] Missing &lt;summary&gt; documentation [C:\Users\anita\Desktop\Development\Help\Working\BuildTopics.proj]
BuildAssembler : warning : ShowMissingComponent: [M:NitroSniperGUI.Testform.Button14_Click(System.Object,System.EventArgs)] Missing &lt;param name=&quot;sender&quot;/&gt; documentation [C:\Users\anita\Desktop\Development\Help\Working\BuildTopics.proj]
BuildAssembler : warning : ShowMissingComponent: [M:NitroSniperGUI.Testform.Button14_Click(System.Object,System.EventArgs)] Missing &lt;param name=&quot;e&quot;/&gt; documentation [C:\Users\anita\Desktop\Development\Help\Working\BuildTopics.proj]
BuildAssembler : warning : ShowMissingComponent: [M:NitroSniperGUI.Testform.Button15_Click(System.Object,System.EventArgs)] Missing &lt;summary&gt; documentation [C:\Users\anita\Desktop\Development\Help\Working\BuildTopics.proj]
BuildAssembler : warning : ShowMissingComponent: [M:NitroSniperGUI.Testform.Button15_Click(System.Object,System.EventArgs)] Missing &lt;param name=&quot;sender&quot;/&gt; documentation [C:\Users\anita\Desktop\Development\Help\Working\BuildTopics.proj]
BuildAssembler : warning : ShowMissingComponent: [M:NitroSniperGUI.Testform.Button15_Click(System.Object,System.EventArgs)] Missing &lt;param name=&quot;e&quot;/&gt; documentation [C:\Users\anita\Desktop\Development\Help\Working\BuildTopics.proj]
BuildAssembler : warning : ShowMissingComponent: [M:NitroSniperGUI.Testform.Button17_Click(System.Object,System.EventArgs)] Missing &lt;summary&gt; documentation [C:\Users\anita\Desktop\Development\Help\Working\BuildTopics.proj]
BuildAssembler : warning : ShowMissingComponent: [M:NitroSniperGUI.Testform.Button17_Click(System.Object,System.EventArgs)] Missing &lt;param name=&quot;sender&quot;/&gt; documentation [C:\Users\anita\Desktop\Development\Help\Working\BuildTopics.proj]
BuildAssembler : warning : ShowMissingComponent: [M:NitroSniperGUI.Testform.Button17_Click(System.Object,System.EventArgs)] Missing &lt;param name=&quot;e&quot;/&gt; documentation [C:\Users\anita\Desktop\Development\Help\Working\BuildTopics.proj]
BuildAssembler : warning : ShowMissingComponent: [M:NitroSniperGUI.Testform.Button18_Click(System.Object,System.EventArgs)] Missing &lt;summary&gt; documentation [C:\Users\anita\Desktop\Development\Help\Working\BuildTopics.proj]
BuildAssembler : warning : ShowMissingComponent: [M:NitroSniperGUI.Testform.Button18_Click(System.Object,System.EventArgs)] Missing &lt;param name=&quot;sender&quot;/&gt; documentation [C:\Users\anita\Desktop\Development\Help\Working\BuildTopics.proj]
BuildAssembler : warning : ShowMissingComponent: [M:NitroSniperGUI.Testform.Button18_Click(System.Object,System.EventArgs)] Missing &lt;param name=&quot;e&quot;/&gt; documentation [C:\Users\anita\Desktop\Development\Help\Working\BuildTopics.proj]
BuildAssembler : warning : ShowMissingComponent: [M:NitroSniperGUI.Testform.Button19_Click(System.Object,System.EventArgs)] Missing &lt;summary&gt; documentation [C:\Users\anita\Desktop\Development\Help\Working\BuildTopics.proj]
BuildAssembler : warning : ShowMissingComponent: [M:NitroSniperGUI.Testform.Button19_Click(System.Object,System.EventArgs)] Missing &lt;param name=&quot;sender&quot;/&gt; documentation [C:\Users\anita\Desktop\Development\Help\Working\BuildTopics.proj]
BuildAssembler : warning : ShowMissingComponent: [M:NitroSniperGUI.Testform.Button19_Click(System.Object,System.EventArgs)] Missing &lt;param name=&quot;e&quot;/&gt; documentation [C:\Users\anita\Desktop\Development\Help\Working\BuildTopics.proj]
BuildAssembler : warning : ShowMissingComponent: [M:NitroSniperGUI.Testform.Button2_Click(System.Object,System.EventArgs)] Missing &lt;summary&gt; documentation [C:\Users\anita\Desktop\Development\Help\Working\BuildTopics.proj]
BuildAssembler : warning : ShowMissingComponent: [M:NitroSniperGUI.Testform.Button2_Click(System.Object,System.EventArgs)] Missing &lt;param name=&quot;sender&quot;/&gt; documentation [C:\Users\anita\Desktop\Development\Help\Working\BuildTopics.proj]
BuildAssembler : warning : ShowMissingComponent: [M:NitroSniperGUI.Testform.Button2_Click(System.Object,System.EventArgs)] Missing &lt;param name=&quot;e&quot;/&gt; documentation [C:\Users\anita\Desktop\Development\Help\Working\BuildTopics.proj]
BuildAssembler : warning : ShowMissingComponent: [M:NitroSniperGUI.Testform.Button21_Click(System.Object,System.EventArgs)] Missing &lt;summary&gt; documentation [C:\Users\anita\Desktop\Development\Help\Working\BuildTopics.proj]
BuildAssembler : warning : ShowMissingComponent: [M:NitroSniperGUI.Testform.Button21_Click(System.Object,System.EventArgs)] Missing &lt;param name=&quot;sender&quot;/&gt; documentation [C:\Users\anita\Desktop\Development\Help\Working\BuildTopics.proj]
BuildAssembler : warning : ShowMissingComponent: [M:NitroSniperGUI.Testform.Button21_Click(System.Object,System.EventArgs)] Missing &lt;param name=&quot;e&quot;/&gt; documentation [C:\Users\anita\Desktop\Development\Help\Working\BuildTopics.proj]
BuildAssembler : warning : ShowMissingComponent: [M:NitroSniperGUI.Testform.Button22_Click(System.Object,System.EventArgs)] Missing &lt;summary&gt; documentation [C:\Users\anita\Desktop\Development\Help\Working\BuildTopics.proj]
BuildAssembler : warning : ShowMissingComponent: [M:NitroSniperGUI.Testform.Button22_Click(System.Object,System.EventArgs)] Missing &lt;param name=&quot;sender&quot;/&gt; documentation [C:\Users\anita\Desktop\Development\Help\Working\BuildTopics.proj]
BuildAssembler : warning : ShowMissingComponent: [M:NitroSniperGUI.Testform.Button22_Click(System.Object,System.EventArgs)] Missing &lt;param name=&quot;e&quot;/&gt; documentation [C:\Users\anita\Desktop\Development\Help\Working\BuildTopics.proj]
BuildAssembler : warning : ShowMissingComponent: [M:NitroSniperGUI.Testform.Button23_Click(System.Object,System.EventArgs)] Missing &lt;summary&gt; documentation [C:\Users\anita\Desktop\Development\Help\Working\BuildTopics.proj]
BuildAssembler : warning : ShowMissingComponent: [M:NitroSniperGUI.Testform.Button23_Click(System.Object,System.EventArgs)] Missing &lt;param name=&quot;sender&quot;/&gt; documentation [C:\Users\anita\Desktop\Development\Help\Working\BuildTopics.proj]
BuildAssembler : warning : ShowMissingComponent: [M:NitroSniperGUI.Testform.Button23_Click(System.Object,System.EventArgs)] Missing &lt;param name=&quot;e&quot;/&gt; documentation [C:\Users\anita\Desktop\Development\Help\Working\BuildTopics.proj]
BuildAssembler : warning : ShowMissingComponent: [M:NitroSniperGUI.Testform.Button24_Click(System.Object,System.EventArgs)] Missing &lt;summary&gt; documentation [C:\Users\anita\Desktop\Development\Help\Working\BuildTopics.proj]
BuildAssembler : warning : ShowMissingComponent: [M:NitroSniperGUI.Testform.Button24_Click(System.Object,System.EventArgs)] Missing &lt;param name=&quot;sender&quot;/&gt; documentation [C:\Users\anita\Desktop\Development\Help\Working\BuildTopics.proj]
BuildAssembler : warning : ShowMissingComponent: [M:NitroSniperGUI.Testform.Button24_Click(System.Object,System.EventArgs)] Missing &lt;param name=&quot;e&quot;/&gt; documentation [C:\Users\anita\Desktop\Development\Help\Working\BuildTopics.proj]
BuildAssembler : warning : ShowMissingComponent: [M:NitroSniperGUI.Testform.Button25_Click(System.Object,System.EventArgs)] Missing &lt;summary&gt; documentation [C:\Users\anita\Desktop\Development\Help\Working\BuildTopics.proj]
BuildAssembler : warning : ShowMissingComponent: [M:NitroSniperGUI.Testform.Button25_Click(System.Object,System.EventArgs)] Missing &lt;param name=&quot;sender&quot;/&gt; documentation [C:\Users\anita\Desktop\Development\Help\Working\BuildTopics.proj]
BuildAssembler : warning : ShowMissingComponent: [M:NitroSniperGUI.Testform.Button25_Click(System.Object,System.EventArgs)] Missing &lt;param name=&quot;e&quot;/&gt; documentation [C:\Users\anita\Desktop\Development\Help\Working\BuildTopics.proj]
BuildAssembler : warning : ShowMissingComponent: [M:NitroSniperGUI.Testform.Button26_Click(System.Object,System.EventArgs)] Missing &lt;summary&gt; documentation [C:\Users\anita\Desktop\Development\Help\Working\BuildTopics.proj]
BuildAssembler : warning : ShowMissingComponent: [M:NitroSniperGUI.Testform.Button26_Click(System.Object,System.EventArgs)] Missing &lt;param name=&quot;sender&quot;/&gt; documentation [C:\Users\anita\Desktop\Development\Help\Working\BuildTopics.proj]
BuildAssembler : warning : ShowMissingComponent: [M:NitroSniperGUI.Testform.Button26_Click(System.Object,System.EventArgs)] Missing &lt;param name=&quot;e&quot;/&gt; documentation [C:\Users\anita\Desktop\Development\Help\Working\BuildTopics.proj]
BuildAssembler : warning : ShowMissingComponent: [M:NitroSniperGUI.Testform.Button3_Click(System.Object,System.EventArgs)] Missing &lt;summary&gt; documentation [C:\Users\anita\Desktop\Development\Help\Working\BuildTopics.proj]
BuildAssembler : warning : ShowMissingComponent: [M:NitroSniperGUI.Testform.Button3_Click(System.Object,System.EventArgs)] Missing &lt;param name=&quot;sender&quot;/&gt; documentation [C:\Users\anita\Desktop\Development\Help\Working\BuildTopics.proj]
BuildAssembler : warning : ShowMissingComponent: [M:NitroSniperGUI.Testform.Button3_Click(System.Object,System.EventArgs)] Missing &lt;param name=&quot;e&quot;/&gt; documentation [C:\Users\anita\Desktop\Development\Help\Working\BuildTopics.proj]
BuildAssembler : warning : ShowMissingComponent: [M:NitroSniperGUI.Testform.Button4_Click(System.Object,System.EventArgs)] Missing &lt;summary&gt; documentation [C:\Users\anita\Desktop\Development\Help\Working\BuildTopics.proj]
BuildAssembler : warning : ShowMissingComponent: [M:NitroSniperGUI.Testform.Button4_Click(System.Object,System.EventArgs)] Missing &lt;param name=&quot;sender&quot;/&gt; documentation [C:\Users\anita\Desktop\Development\Help\Working\BuildTopics.proj]
BuildAssembler : warning : ShowMissingComponent: [M:NitroSniperGUI.Testform.Button4_Click(System.Object,System.EventArgs)] Missing &lt;param name=&quot;e&quot;/&gt; documentation [C:\Users\anita\Desktop\Development\Help\Working\BuildTopics.proj]
BuildAssembler : warning : ShowMissingComponent: [M:NitroSniperGUI.Testform.Button5_Click(System.Object,System.EventArgs)] Missing &lt;summary&gt; documentation [C:\Users\anita\Desktop\Development\Help\Working\BuildTopics.proj]
BuildAssembler : warning : ShowMissingComponent: [M:NitroSniperGUI.Testform.Button5_Click(System.Object,System.EventArgs)] Missing &lt;param name=&quot;sender&quot;/&gt; documentation [C:\Users\anita\Desktop\Development\Help\Working\BuildTopics.proj]
BuildAssembler : warning : ShowMissingComponent: [M:NitroSniperGUI.Testform.Button5_Click(System.Object,System.EventArgs)] Missing &lt;param name=&quot;e&quot;/&gt; documentation [C:\Users\anita\Desktop\Development\Help\Working\BuildTopics.proj]
BuildAssembler : warning : ShowMissingComponent: [M:NitroSniperGUI.Testform.Button6_Click(System.Object,System.EventArgs)] Missing &lt;summary&gt; documentation [C:\Users\anita\Desktop\Development\Help\Working\BuildTopics.proj]
BuildAssembler : warning : ShowMissingComponent: [M:NitroSniperGUI.Testform.Button6_Click(System.Object,System.EventArgs)] Missing &lt;param name=&quot;sender&quot;/&gt; documentation [C:\Users\anita\Desktop\Development\Help\Working\BuildTopics.proj]
BuildAssembler : warning : ShowMissingComponent: [M:NitroSniperGUI.Testform.Button6_Click(System.Object,System.EventArgs)] Missing &lt;param name=&quot;e&quot;/&gt; documentation [C:\Users\anita\Desktop\Development\Help\Working\BuildTopics.proj]
BuildAssembler : warning : ShowMissingComponent: [M:NitroSniperGUI.Testform.Button7_Click(System.Object,System.EventArgs)] Missing &lt;summary&gt; documentation [C:\Users\anita\Desktop\Development\Help\Working\BuildTopics.proj]
BuildAssembler : warning : ShowMissingComponent: [M:NitroSniperGUI.Testform.Button7_Click(System.Object,System.EventArgs)] Missing &lt;param name=&quot;sender&quot;/&gt; documentation [C:\Users\anita\Desktop\Development\Help\Working\BuildTopics.proj]
BuildAssembler : warning : ShowMissingComponent: [M:NitroSniperGUI.Testform.Button7_Click(System.Object,System.EventArgs)] Missing &lt;param name=&quot;e&quot;/&gt; documentation [C:\Users\anita\Desktop\Development\Help\Working\BuildTopics.proj]
BuildAssembler : warning : ShowMissingComponent: [M:NitroSniperGUI.Testform.Button8_Click(System.Object,System.EventArgs)] Missing &lt;summary&gt; documentation [C:\Users\anita\Desktop\Development\Help\Working\BuildTopics.proj]
BuildAssembler : warning : ShowMissingComponent: [M:NitroSniperGUI.Testform.Button8_Click(System.Object,System.EventArgs)] Missing &lt;param name=&quot;sender&quot;/&gt; documentation [C:\Users\anita\Desktop\Development\Help\Working\BuildTopics.proj]
BuildAssembler : warning : ShowMissingComponent: [M:NitroSniperGUI.Testform.Button8_Click(System.Object,System.EventArgs)] Missing &lt;param name=&quot;e&quot;/&gt; documentation [C:\Users\anita\Desktop\Development\Help\Working\BuildTopics.proj]
BuildAssembler : warning : ShowMissingComponent: [M:NitroSniperGUI.Testform.Button9_Click(System.Object,System.EventArgs)] Missing &lt;summary&gt; documentation [C:\Users\anita\Desktop\Development\Help\Working\BuildTopics.proj]
BuildAssembler : warning : ShowMissingComponent: [M:NitroSniperGUI.Testform.Button9_Click(System.Object,System.EventArgs)] Missing &lt;param name=&quot;sender&quot;/&gt; documentation [C:\Users\anita\Desktop\Development\Help\Working\BuildTopics.proj]
BuildAssembler : warning : ShowMissingComponent: [M:NitroSniperGUI.Testform.Button9_Click(System.Object,System.EventArgs)] Missing &lt;param name=&quot;e&quot;/&gt; documentation [C:\Users\anita\Desktop\Development\Help\Working\BuildTopics.proj]
BuildAssembler : warning : ShowMissingComponent: [F:NitroSniperGUI.Testform.components] Missing &lt;summary&gt; documentation [C:\Users\anita\Desktop\Development\Help\Working\BuildTopics.proj]
BuildAssembler : warning : ShowMissingComponent: [M:NitroSniperGUI.Testform.InitializeComponent] Missing &lt;summary&gt; documentation [C:\Users\anita\Desktop\Development\Help\Working\BuildTopics.proj]
BuildAssembler : warning : ShowMissingComponent: [F:NitroSniperGUI.Testform.jsonarrayFileNameFromOpenFileDialog] Missing &lt;summary&gt; documentation [C:\Users\anita\Desktop\Development\Help\Working\BuildTopics.proj]
BuildAssembler : warning : ShowMissingComponent: [F:NitroSniperGUI.Testform.JSONFileNameFromOpenFileDialog] Missing &lt;summary&gt; documentation [C:\Users\anita\Desktop\Development\Help\Working\BuildTopics.proj]
BuildAssembler : warning : ShowMissingComponent: [M:NitroSniperGUI.Testform.Testform_FormClosing(System.Object,System.Windows.Forms.FormClosingEventArgs)] Missing &lt;param name=&quot;sender&quot;/&gt; documentation [C:\Users\anita\Desktop\Development\Help\Working\BuildTopics.proj]
BuildAssembler : warning : ShowMissingComponent: [M:NitroSniperGUI.Testform.Testform_FormClosing(System.Object,System.Windows.Forms.FormClosingEventArgs)] Missing &lt;param name=&quot;e&quot;/&gt; documentation [C:\Users\anita\Desktop\Development\Help\Working\BuildTopics.proj]
BuildAssembler : warning : ShowMissingComponent: [M:NitroSniperGUI.Testform.Testform_Load(System.Object,System.EventArgs)] Missing &lt;param name=&quot;sender&quot;/&gt; documentation [C:\Users\anita\Desktop\Development\Help\Working\BuildTopics.proj]
BuildAssembler : warning : ShowMissingComponent: [M:NitroSniperGUI.Testform.Testform_Load(System.Object,System.EventArgs)] Missing &lt;param name=&quot;e&quot;/&gt; documentation [C:\Users\anita\Desktop\Development\Help\Working\BuildTopics.proj]
  Processed 131 topic(s)
  209 warning(s)
  CopyFromIndexComponent: &quot;reflection&quot; in-memory cache entries used: 8 of 15.
  CopyFromIndexComponent: &quot;comments&quot; in-memory cache entries used: 1 of 30.
Die Erstellung von Projekt &quot;C:\Users\anita\Desktop\Development\Help\Working\BuildTopics.proj&quot; ist abgeschlossen (Standardziele).

Der Buildvorgang wurde erfolgreich ausgefhrt.

Verstrichene Zeit 00:00:05.42
    Last step completed in 00:00:05,9216
</buildStep>
<buildStep step="CombiningIntermediateTocFiles">
Combining conceptual and API intermediate TOC files...
    Last step completed in 00:00:00,0020
</buildStep>
<buildStep step="ExtractingHtmlInfo">
Extracting HTML info for HTML Help 1 and/or website...
[C:\Program Files (x86)\Microsoft Visual Studio\2017\Enterprise\MSBuild\15.0\Bin\MSBuild.exe - ExtractHtmlInfo.proj]
Sandcastle Help File Builder and Tools, version 2020.3.6.0
Copyright &#184; 2006-2020, Eric Woodruff, All Rights Reserved
E-Mail: Eric@EWoodruff.us

Using LCID &#39;1033&#39;, code page &#39;65001&#39;, encoding charset &#39;UTF-8&#39;.

Processing website files in C:\Users\anita\Desktop\Development\Help\Working\Output\Website
Processed 132 HTML files
Sorting keywords and generating See Also indices
Saving website keyword index to C:\Users\anita\Desktop\Development\Help\Working\WebKI.xml
Saving website table of contents to C:\Users\anita\Desktop\Development\Help\Working\WebTOC.xml
    Last step completed in 00:00:00,9168
</buildStep>
<buildStep step="CopyStandardHelpContent">
Copying standard help content...
C:\Program Files (x86)\EWSoftware\Sandcastle Help File Builder\PresentationStyles\VS2013\icons\AlertCaution.png -&gt; C:\Users\anita\Desktop\Development\Help\Working\Output\Website\icons\AlertCaution.png
C:\Program Files (x86)\EWSoftware\Sandcastle Help File Builder\PresentationStyles\VS2013\icons\AlertNote.png -&gt; C:\Users\anita\Desktop\Development\Help\Working\Output\Website\icons\AlertNote.png
C:\Program Files (x86)\EWSoftware\Sandcastle Help File Builder\PresentationStyles\VS2013\icons\AlertSecurity.png -&gt; C:\Users\anita\Desktop\Development\Help\Working\Output\Website\icons\AlertSecurity.png
C:\Program Files (x86)\EWSoftware\Sandcastle Help File Builder\PresentationStyles\VS2013\icons\CFW.gif -&gt; C:\Users\anita\Desktop\Development\Help\Working\Output\Website\icons\CFW.gif
C:\Program Files (x86)\EWSoftware\Sandcastle Help File Builder\PresentationStyles\VS2013\icons\CodeExample.png -&gt; C:\Users\anita\Desktop\Development\Help\Working\Output\Website\icons\CodeExample.png
C:\Program Files (x86)\EWSoftware\Sandcastle Help File Builder\PresentationStyles\VS2013\icons\favicon.ico -&gt; C:\Users\anita\Desktop\Development\Help\Working\Output\Website\icons\favicon.ico
C:\Program Files (x86)\EWSoftware\Sandcastle Help File Builder\PresentationStyles\VS2013\icons\privclass.gif -&gt; C:\Users\anita\Desktop\Development\Help\Working\Output\Website\icons\privclass.gif
C:\Program Files (x86)\EWSoftware\Sandcastle Help File Builder\PresentationStyles\VS2013\icons\privdelegate.gif -&gt; C:\Users\anita\Desktop\Development\Help\Working\Output\Website\icons\privdelegate.gif
C:\Program Files (x86)\EWSoftware\Sandcastle Help File Builder\PresentationStyles\VS2013\icons\privenumeration.gif -&gt; C:\Users\anita\Desktop\Development\Help\Working\Output\Website\icons\privenumeration.gif
C:\Program Files (x86)\EWSoftware\Sandcastle Help File Builder\PresentationStyles\VS2013\icons\privevent.gif -&gt; C:\Users\anita\Desktop\Development\Help\Working\Output\Website\icons\privevent.gif
C:\Program Files (x86)\EWSoftware\Sandcastle Help File Builder\PresentationStyles\VS2013\icons\privextension.gif -&gt; C:\Users\anita\Desktop\Development\Help\Working\Output\Website\icons\privextension.gif
C:\Program Files (x86)\EWSoftware\Sandcastle Help File Builder\PresentationStyles\VS2013\icons\privfield.gif -&gt; C:\Users\anita\Desktop\Development\Help\Working\Output\Website\icons\privfield.gif
C:\Program Files (x86)\EWSoftware\Sandcastle Help File Builder\PresentationStyles\VS2013\icons\privinterface.gif -&gt; C:\Users\anita\Desktop\Development\Help\Working\Output\Website\icons\privinterface.gif
C:\Program Files (x86)\EWSoftware\Sandcastle Help File Builder\PresentationStyles\VS2013\icons\privmethod.gif -&gt; C:\Users\anita\Desktop\Development\Help\Working\Output\Website\icons\privmethod.gif
C:\Program Files (x86)\EWSoftware\Sandcastle Help File Builder\PresentationStyles\VS2013\icons\privproperty.gif -&gt; C:\Users\anita\Desktop\Development\Help\Working\Output\Website\icons\privproperty.gif
C:\Program Files (x86)\EWSoftware\Sandcastle Help File Builder\PresentationStyles\VS2013\icons\privstructure.gif -&gt; C:\Users\anita\Desktop\Development\Help\Working\Output\Website\icons\privstructure.gif
C:\Program Files (x86)\EWSoftware\Sandcastle Help File Builder\PresentationStyles\VS2013\icons\protclass.gif -&gt; C:\Users\anita\Desktop\Development\Help\Working\Output\Website\icons\protclass.gif
C:\Program Files (x86)\EWSoftware\Sandcastle Help File Builder\PresentationStyles\VS2013\icons\protdelegate.gif -&gt; C:\Users\anita\Desktop\Development\Help\Working\Output\Website\icons\protdelegate.gif
C:\Program Files (x86)\EWSoftware\Sandcastle Help File Builder\PresentationStyles\VS2013\icons\protenumeration.gif -&gt; C:\Users\anita\Desktop\Development\Help\Working\Output\Website\icons\protenumeration.gif
C:\Program Files (x86)\EWSoftware\Sandcastle Help File Builder\PresentationStyles\VS2013\icons\protevent.gif -&gt; C:\Users\anita\Desktop\Development\Help\Working\Output\Website\icons\protevent.gif
C:\Program Files (x86)\EWSoftware\Sandcastle Help File Builder\PresentationStyles\VS2013\icons\protextension.gif -&gt; C:\Users\anita\Desktop\Development\Help\Working\Output\Website\icons\protextension.gif
C:\Program Files (x86)\EWSoftware\Sandcastle Help File Builder\PresentationStyles\VS2013\icons\protfield.gif -&gt; C:\Users\anita\Desktop\Development\Help\Working\Output\Website\icons\protfield.gif
C:\Program Files (x86)\EWSoftware\Sandcastle Help File Builder\PresentationStyles\VS2013\icons\protinterface.gif -&gt; C:\Users\anita\Desktop\Development\Help\Working\Output\Website\icons\protinterface.gif
C:\Program Files (x86)\EWSoftware\Sandcastle Help File Builder\PresentationStyles\VS2013\icons\protmethod.gif -&gt; C:\Users\anita\Desktop\Development\Help\Working\Output\Website\icons\protmethod.gif
C:\Program Files (x86)\EWSoftware\Sandcastle Help File Builder\PresentationStyles\VS2013\icons\protoperator.gif -&gt; C:\Users\anita\Desktop\Development\Help\Working\Output\Website\icons\protoperator.gif
C:\Program Files (x86)\EWSoftware\Sandcastle Help File Builder\PresentationStyles\VS2013\icons\protproperty.gif -&gt; C:\Users\anita\Desktop\Development\Help\Working\Output\Website\icons\protproperty.gif
C:\Program Files (x86)\EWSoftware\Sandcastle Help File Builder\PresentationStyles\VS2013\icons\protstructure.gif -&gt; C:\Users\anita\Desktop\Development\Help\Working\Output\Website\icons\protstructure.gif
C:\Program Files (x86)\EWSoftware\Sandcastle Help File Builder\PresentationStyles\VS2013\icons\pubclass.gif -&gt; C:\Users\anita\Desktop\Development\Help\Working\Output\Website\icons\pubclass.gif
C:\Program Files (x86)\EWSoftware\Sandcastle Help File Builder\PresentationStyles\VS2013\icons\pubdelegate.gif -&gt; C:\Users\anita\Desktop\Development\Help\Working\Output\Website\icons\pubdelegate.gif
C:\Program Files (x86)\EWSoftware\Sandcastle Help File Builder\PresentationStyles\VS2013\icons\pubenumeration.gif -&gt; C:\Users\anita\Desktop\Development\Help\Working\Output\Website\icons\pubenumeration.gif
C:\Program Files (x86)\EWSoftware\Sandcastle Help File Builder\PresentationStyles\VS2013\icons\pubevent.gif -&gt; C:\Users\anita\Desktop\Development\Help\Working\Output\Website\icons\pubevent.gif
C:\Program Files (x86)\EWSoftware\Sandcastle Help File Builder\PresentationStyles\VS2013\icons\pubextension.gif -&gt; C:\Users\anita\Desktop\Development\Help\Working\Output\Website\icons\pubextension.gif
C:\Program Files (x86)\EWSoftware\Sandcastle Help File Builder\PresentationStyles\VS2013\icons\pubfield.gif -&gt; C:\Users\anita\Desktop\Development\Help\Working\Output\Website\icons\pubfield.gif
C:\Program Files (x86)\EWSoftware\Sandcastle Help File Builder\PresentationStyles\VS2013\icons\pubinterface.gif -&gt; C:\Users\anita\Desktop\Development\Help\Working\Output\Website\icons\pubinterface.gif
C:\Program Files (x86)\EWSoftware\Sandcastle Help File Builder\PresentationStyles\VS2013\icons\pubmethod.gif -&gt; C:\Users\anita\Desktop\Development\Help\Working\Output\Website\icons\pubmethod.gif
C:\Program Files (x86)\EWSoftware\Sandcastle Help File Builder\PresentationStyles\VS2013\icons\puboperator.gif -&gt; C:\Users\anita\Desktop\Development\Help\Working\Output\Website\icons\puboperator.gif
C:\Program Files (x86)\EWSoftware\Sandcastle Help File Builder\PresentationStyles\VS2013\icons\pubproperty.gif -&gt; C:\Users\anita\Desktop\Development\Help\Working\Output\Website\icons\pubproperty.gif
C:\Program Files (x86)\EWSoftware\Sandcastle Help File Builder\PresentationStyles\VS2013\icons\pubstructure.gif -&gt; C:\Users\anita\Desktop\Development\Help\Working\Output\Website\icons\pubstructure.gif
C:\Program Files (x86)\EWSoftware\Sandcastle Help File Builder\PresentationStyles\VS2013\icons\SectionCollapsed.png -&gt; C:\Users\anita\Desktop\Development\Help\Working\Output\Website\icons\SectionCollapsed.png
C:\Program Files (x86)\EWSoftware\Sandcastle Help File Builder\PresentationStyles\VS2013\icons\SectionExpanded.png -&gt; C:\Users\anita\Desktop\Development\Help\Working\Output\Website\icons\SectionExpanded.png
C:\Program Files (x86)\EWSoftware\Sandcastle Help File Builder\PresentationStyles\VS2013\icons\slMobile.gif -&gt; C:\Users\anita\Desktop\Development\Help\Working\Output\Website\icons\slMobile.gif
C:\Program Files (x86)\EWSoftware\Sandcastle Help File Builder\PresentationStyles\VS2013\icons\static.gif -&gt; C:\Users\anita\Desktop\Development\Help\Working\Output\Website\icons\static.gif
C:\Program Files (x86)\EWSoftware\Sandcastle Help File Builder\PresentationStyles\VS2013\icons\xna.gif -&gt; C:\Users\anita\Desktop\Development\Help\Working\Output\Website\icons\xna.gif
C:\Program Files (x86)\EWSoftware\Sandcastle Help File Builder\PresentationStyles\VS2013\scripts\branding.js -&gt; C:\Users\anita\Desktop\Development\Help\Working\Output\Website\scripts\branding.js
C:\Program Files (x86)\EWSoftware\Sandcastle Help File Builder\PresentationStyles\VS2013\styles\branding-cs-CZ.css -&gt; C:\Users\anita\Desktop\Development\Help\Working\Output\Website\styles\branding-cs-CZ.css
C:\Program Files (x86)\EWSoftware\Sandcastle Help File Builder\PresentationStyles\VS2013\styles\branding-de-DE.css -&gt; C:\Users\anita\Desktop\Development\Help\Working\Output\Website\styles\branding-de-DE.css
C:\Program Files (x86)\EWSoftware\Sandcastle Help File Builder\PresentationStyles\VS2013\styles\branding-en-US.css -&gt; C:\Users\anita\Desktop\Development\Help\Working\Output\Website\styles\branding-en-US.css
C:\Program Files (x86)\EWSoftware\Sandcastle Help File Builder\PresentationStyles\VS2013\styles\branding-es-ES.css -&gt; C:\Users\anita\Desktop\Development\Help\Working\Output\Website\styles\branding-es-ES.css
C:\Program Files (x86)\EWSoftware\Sandcastle Help File Builder\PresentationStyles\VS2013\styles\branding-fr-FR.css -&gt; C:\Users\anita\Desktop\Development\Help\Working\Output\Website\styles\branding-fr-FR.css
C:\Program Files (x86)\EWSoftware\Sandcastle Help File Builder\PresentationStyles\VS2013\styles\branding-Help1.css -&gt; C:\Users\anita\Desktop\Development\Help\Working\Output\Website\styles\branding-Help1.css
C:\Program Files (x86)\EWSoftware\Sandcastle Help File Builder\PresentationStyles\VS2013\styles\branding-HelpViewer.css -&gt; C:\Users\anita\Desktop\Development\Help\Working\Output\Website\styles\branding-HelpViewer.css
C:\Program Files (x86)\EWSoftware\Sandcastle Help File Builder\PresentationStyles\VS2013\styles\branding-it-IT.css -&gt; C:\Users\anita\Desktop\Development\Help\Working\Output\Website\styles\branding-it-IT.css
C:\Program Files (x86)\EWSoftware\Sandcastle Help File Builder\PresentationStyles\VS2013\styles\branding-ja-JP.css -&gt; C:\Users\anita\Desktop\Development\Help\Working\Output\Website\styles\branding-ja-JP.css
C:\Program Files (x86)\EWSoftware\Sandcastle Help File Builder\PresentationStyles\VS2013\styles\branding-ko-KR.css -&gt; C:\Users\anita\Desktop\Development\Help\Working\Output\Website\styles\branding-ko-KR.css
C:\Program Files (x86)\EWSoftware\Sandcastle Help File Builder\PresentationStyles\VS2013\styles\branding-pl-PL.css -&gt; C:\Users\anita\Desktop\Development\Help\Working\Output\Website\styles\branding-pl-PL.css
C:\Program Files (x86)\EWSoftware\Sandcastle Help File Builder\PresentationStyles\VS2013\styles\branding-pt-BR.css -&gt; C:\Users\anita\Desktop\Development\Help\Working\Output\Website\styles\branding-pt-BR.css
C:\Program Files (x86)\EWSoftware\Sandcastle Help File Builder\PresentationStyles\VS2013\styles\branding-ru-RU.css -&gt; C:\Users\anita\Desktop\Development\Help\Working\Output\Website\styles\branding-ru-RU.css
C:\Program Files (x86)\EWSoftware\Sandcastle Help File Builder\PresentationStyles\VS2013\styles\branding-tr-TR.css -&gt; C:\Users\anita\Desktop\Development\Help\Working\Output\Website\styles\branding-tr-TR.css
C:\Program Files (x86)\EWSoftware\Sandcastle Help File Builder\PresentationStyles\VS2013\styles\branding-Website.css -&gt; C:\Users\anita\Desktop\Development\Help\Working\Output\Website\styles\branding-Website.css
C:\Program Files (x86)\EWSoftware\Sandcastle Help File Builder\PresentationStyles\VS2013\styles\branding-zh-CN.css -&gt; C:\Users\anita\Desktop\Development\Help\Working\Output\Website\styles\branding-zh-CN.css
C:\Program Files (x86)\EWSoftware\Sandcastle Help File Builder\PresentationStyles\VS2013\styles\branding-zh-TW.css -&gt; C:\Users\anita\Desktop\Development\Help\Working\Output\Website\styles\branding-zh-TW.css
C:\Program Files (x86)\EWSoftware\Sandcastle Help File Builder\PresentationStyles\VS2013\styles\branding.css -&gt; C:\Users\anita\Desktop\Development\Help\Working\Output\Website\styles\branding.css
C:\Program Files (x86)\EWSoftware\Sandcastle Help File Builder\PresentationStyles\VS2013\Web\index.html -&gt; C:\Users\anita\Desktop\Development\Help\Working\Output\Website\index.html
C:\Program Files (x86)\EWSoftware\Sandcastle Help File Builder\PresentationStyles\VS2013\Web\search.html -&gt; C:\Users\anita\Desktop\Development\Help\Working\Output\Website\search.html
C:\Program Files (x86)\EWSoftware\Sandcastle Help File Builder\PresentationStyles\VS2013\Web\SearchHelp.aspx -&gt; C:\Users\anita\Desktop\Development\Help\Working\Output\Website\SearchHelp.aspx
C:\Program Files (x86)\EWSoftware\Sandcastle Help File Builder\PresentationStyles\VS2013\Web\SearchHelp.inc.php -&gt; C:\Users\anita\Desktop\Development\Help\Working\Output\Website\SearchHelp.inc.php
C:\Program Files (x86)\EWSoftware\Sandcastle Help File Builder\PresentationStyles\VS2013\Web\SearchHelp.php -&gt; C:\Users\anita\Desktop\Development\Help\Working\Output\Website\SearchHelp.php
C:\Program Files (x86)\EWSoftware\Sandcastle Help File Builder\PresentationStyles\VS2013\Web\Web.Config -&gt; C:\Users\anita\Desktop\Development\Help\Working\Output\Website\Web.Config
C:\Program Files (x86)\EWSoftware\Sandcastle Help File Builder\PresentationStyles\VS2013\Web\html\GeneralError.htm -&gt; C:\Users\anita\Desktop\Development\Help\Working\Output\Website\html\GeneralError.htm
C:\Program Files (x86)\EWSoftware\Sandcastle Help File Builder\PresentationStyles\VS2013\Web\html\PageNotFound.htm -&gt; C:\Users\anita\Desktop\Development\Help\Working\Output\Website\html\PageNotFound.htm
C:\Program Files (x86)\EWSoftware\Sandcastle Help File Builder\PresentationStyles\VS2013\Web\icons\Search.png -&gt; C:\Users\anita\Desktop\Development\Help\Working\Output\Website\icons\Search.png
C:\Program Files (x86)\EWSoftware\Sandcastle Help File Builder\PresentationStyles\VS2013\Web\icons\TocClose.gif -&gt; C:\Users\anita\Desktop\Development\Help\Working\Output\Website\icons\TocClose.gif
C:\Program Files (x86)\EWSoftware\Sandcastle Help File Builder\PresentationStyles\VS2013\Web\icons\TocCollapsed.gif -&gt; C:\Users\anita\Desktop\Development\Help\Working\Output\Website\icons\TocCollapsed.gif
C:\Program Files (x86)\EWSoftware\Sandcastle Help File Builder\PresentationStyles\VS2013\Web\icons\TocExpanded.gif -&gt; C:\Users\anita\Desktop\Development\Help\Working\Output\Website\icons\TocExpanded.gif
C:\Program Files (x86)\EWSoftware\Sandcastle Help File Builder\PresentationStyles\VS2013\Web\icons\TocOpen.gif -&gt; C:\Users\anita\Desktop\Development\Help\Working\Output\Website\icons\TocOpen.gif
C:\Program Files (x86)\EWSoftware\Sandcastle Help File Builder\PresentationStyles\VS2013\Web\scripts\branding-Website.js -&gt; C:\Users\anita\Desktop\Development\Help\Working\Output\Website\scripts\branding-Website.js
C:\Program Files (x86)\EWSoftware\Sandcastle Help File Builder\PresentationStyles\VS2013\Web\scripts\clipboard.min.js -&gt; C:\Users\anita\Desktop\Development\Help\Working\Output\Website\scripts\clipboard.min.js
C:\Program Files (x86)\EWSoftware\Sandcastle Help File Builder\PresentationStyles\VS2013\Web\scripts\jquery-3.3.1.min.js -&gt; C:\Users\anita\Desktop\Development\Help\Working\Output\Website\scripts\jquery-3.3.1.min.js
    Last step completed in 00:00:00,0691
</buildStep>
<buildStep step="GenerateHelpFormatTableOfContents">
Generating website table of contents file...
    Last step completed in 00:00:00,0010
</buildStep>
<buildStep step="GenerateFullTextIndex">
Generating full-text index for the website...

<plugIn name="Lightweight Website Style" behavior="After" priority="1000">
Adding lightweight search and TOC elements to each topic...
</plugIn>    Last step completed in 00:00:00,9156
</buildStep>
<buildStep step="CopyingWebsiteFiles">
Copying website files to output folder...

Copied 253 files for the website content
    Last step completed in 00:00:00,1895
</buildStep>
<buildStep step="CleanIntermediates">
Removing intermediate files...
    Last step completed in 00:00:00,0370
</buildStep>
<buildStep step="Completed">

Build completed successfully at 31.01.2021 15:20:35.  Total time: 00:00:14,0629

</buildStep>
</shfbBuild>
